[2025-11-01 23:25:41] Configuration complete. Script ready for next tasks.
[2025-11-01 23:36:28] Configuration complete. Script ready for next tasks.
[2025-11-01 23:39:22] Configuration complete. Script ready for next tasks.
[2025-11-01 23:39:22] Starting logical backup: /home/velasco-albert/Laboratory Exercises/Lab8/backups/production_db_2025-11-01-233922.dump
[2025-11-01 23:39:22] ERROR: Logical backup failed!
[2025-11-01 23:40:47] Configuration complete. Script ready for next tasks.
[2025-11-01 23:40:47] Starting logical backup: /home/velasco-albert/Laboratory Exercises/Lab8/backups/production_db_2025-11-01-234047.dump
[2025-11-01 23:40:47] ERROR: Logical backup failed!
[2025-11-01 23:44:23] Configuration complete. Script ready for next tasks.
[2025-11-01 23:44:23] Starting logical backup: /home/velasco-albert/Laboratory Exercises/Lab8/backups/production_db_2025-11-01-234423.dump
[2025-11-01 23:44:23] ERROR: Logical backup failed!
[2025-11-01 23:55:40] Starting logical backup: /home/velasco-albert/Laboratory Exercises/Lab8/backups/production_db_2025-11-01-235539.dump
[2025-11-01 23:55:40] ERROR: Logical backup failed!
[2025-11-02 00:08:55] === Starting Full Logical Backup for production_db ===
[2025-11-02 00:08:55] Backup file: /home/velasco-albert/Laboratory Exercises/Lab8/backups/production_db_2025-11-02-000855.dump
pg_dump: error: could not open output file "/home/velasco-albert/Laboratory Exercises/Lab8/backups/production_db_2025-11-02-000855.dump": Permission denied
[2025-11-02 00:08:55] ERROR: Logical backup failed for production_db!
[2025-11-02 00:08:55] Task 1 failed — Check /var/log/pg_backup.log for details.
[2025-11-02 00:15:23] === Starting Full Logical Backup for production_db ===
[2025-11-02 00:15:23] Backup file: /home/velasco-albert/Laboratory Exercises/Lab8/backups/production_db_2025-11-02-001523.dump
pg_dump: error: could not open output file "/home/velasco-albert/Laboratory Exercises/Lab8/backups/production_db_2025-11-02-001523.dump": Permission denied
[2025-11-02 00:15:23] ERROR: Logical backup failed for production_db!
[2025-11-02 00:15:23] Task 1 failed — Check /var/log/pg_backup.log for details.
[2025-11-02 00:17:57] === Starting Full Logical Backup for production_db ===
[2025-11-02 00:17:57] Backup file: /home/velasco-albert/Laboratory Exercises/Lab8/backups/production_db_2025-11-02-001757.dump
pg_dump: error: could not open output file "/home/velasco-albert/Laboratory Exercises/Lab8/backups/production_db_2025-11-02-001757.dump": Permission denied
[2025-11-02 00:17:57] ERROR: Logical backup failed for production_db!
[2025-11-02 00:17:57] Task 1 failed — Check /var/log/pg_backup.log for details.
[2025-11-02 00:23:09] === Starting Full Logical Backup for production_db ===
[2025-11-02 00:23:09] Backup file: /home/velasco-albert/Laboratory Exercises/Lab8/backups/production_db_2025-11-02-002309.dump
pg_dump: error: could not open output file "/home/velasco-albert/Laboratory Exercises/Lab8/backups/production_db_2025-11-02-002309.dump": Permission denied
[2025-11-02 00:23:09] ERROR: Logical backup failed for production_db!
[2025-11-02 00:23:09] Task 1 failed — Check /var/log/pg_backup.log for details.
[2025-11-02 11:00:29] === Starting Full Logical Backup for production_db ===
[2025-11-02 11:00:29] Backup file: /home/velasco-albert/Laboratory Exercises/Lab8/backups/production_db_2025-11-02-110028.dump
pg_dump: error: could not open output file "/home/velasco-albert/Laboratory Exercises/Lab8/backups/production_db_2025-11-02-110028.dump": Permission denied
[2025-11-02 11:00:29] ERROR: Logical backup failed for production_db!
[2025-11-02 11:00:29] Task 1 failed — Check /var/log/pg_backup.log for details.
[2025-11-02 11:09:02] === Starting Full Logical Backup for production_db ===
[2025-11-02 11:09:02] Backup file: /home/velasco-albert/Laboratory Exercises/Lab8/backups/production_db_2025-11-02-110902.dump
pg_dump: error: could not open output file "/home/velasco-albert/Laboratory Exercises/Lab8/backups/production_db_2025-11-02-110902.dump": Permission denied
[2025-11-02 11:09:02] ERROR: Logical backup failed for production_db!
[2025-11-02 11:09:02] Task 1 failed — Check /var/log/pg_backup.log for details.
[2025-11-02 11:14:43] === Starting Full Logical Backup for production_db ===
[2025-11-02 11:14:44] Backup file: /var/backups/postgres/production_db_2025-11-02-111443.dump
[2025-11-02 11:14:44] Logical backup completed successfully.
[2025-11-02 11:14:44] Task 1 complete — Logical backup success.
[2025-11-02 11:20:14] === Starting Full Logical Backup for production_db ===
[2025-11-02 11:20:14] Backup file: /var/backups/postgres/production_db_2025-11-02-112014.dump
[2025-11-02 11:20:15] Logical backup completed successfully.
[2025-11-02 11:20:15] Task 1 complete — Logical backup success.
[2025-11-02 11:20:15] Starting physical base backup: /var/backups/postgres/pg_base_backup_2025-11-02-112014.tar.gz
[2025-11-02 11:20:15] ERROR: Physical base backup failed!
[2025-11-02 11:24:02] === Starting Full Logical Backup for production_db ===
[2025-11-02 11:24:02] Backup file: /var/backups/postgres/production_db_2025-11-02-112402.dump
[2025-11-02 11:24:03] Logical backup completed successfully.
[2025-11-02 11:24:03] Task 1 complete — Logical backup success.
[2025-11-02 11:24:03] Starting physical base backup: /var/backups/postgres/pg_base_backup_2025-11-02-112402.tar.gz
[2025-11-02 11:24:03] ERROR: Physical base backup failed!
[2025-11-02 11:27:10] === Starting Full Logical Backup for production_db ===
[2025-11-02 11:27:10] Backup file: /var/backups/postgres/production_db_2025-11-02-112710.dump
[2025-11-02 11:27:10] Logical backup completed successfully.
[2025-11-02 11:27:10] Task 1 complete — Logical backup success.
[2025-11-02 11:27:10] Starting physical base backup: /var/backups/postgres/pg_base_backup_2025-11-02-112710.tar.gz
[2025-11-02 11:27:20] Physical base backup successful.
[2025-11-02 11:36:09] === Starting Full Logical Backup for production_db ===
[2025-11-02 11:36:09] Backup file: /var/backups/postgres/production_db_2025-11-02-113609.dump
[2025-11-02 11:36:10] Logical backup completed successfully.
[2025-11-02 11:36:10] Task 1 complete — Logical backup success.
[2025-11-02 11:36:10] Starting physical base backup: /var/backups/postgres/pg_base_backup_2025-11-02-113609.tar.gz
[2025-11-02 11:36:17] Physical base backup successful.
[2025-11-02 11:56:19] === Starting Full Logical Backup for production_db ===
[2025-11-02 11:56:19] Backup file: /var/backups/postgres/production_db_2025-11-02-115619.dump
[2025-11-02 11:56:19] Logical backup completed successfully.
[2025-11-02 11:56:19] Task 1 complete — Logical backup success.
[2025-11-02 11:56:19] Starting physical base backup: /var/backups/postgres/pg_base_backup_2025-11-02-115619.tar.gz
[2025-11-02 11:56:28] Physical base backup successful.
[2025-11-02 11:56:28] Uploading backups to Google Drive...
[2025-11-02 11:56:35] Upload completed successfully.
[2025-11-02 12:01:41] === Starting Full Logical Backup for production_db ===
[2025-11-02 12:01:41] Backup file: /var/backups/postgres/production_db_2025-11-02-120141.dump
[2025-11-02 12:01:42] Logical backup completed successfully.
[2025-11-02 12:01:42] Task 1 complete — Logical backup success.
[2025-11-02 12:01:42] Starting physical base backup: /var/backups/postgres/pg_base_backup_2025-11-02-120141.tar.gz
[2025-11-02 12:01:49] Physical base backup successful.
[2025-11-02 12:17:45] === Starting Full Logical Backup for production_db ===
[2025-11-02 12:17:45] Backup file: /var/backups/postgres/production_db_2025-11-02-121745.dump
[2025-11-02 12:17:49] Logical backup completed successfully.
[2025-11-02 12:17:49] Task 1 complete — Logical backup success.
[2025-11-02 12:17:49] Starting physical base backup: /var/backups/postgres/pg_base_backup_2025-11-02-121745.tar.gz
[2025-11-02 12:17:59] Physical base backup successful.
[2025-11-02 12:19:35] === Starting Full Logical Backup for production_db ===
[2025-11-02 12:19:35] Backup file: /var/backups/postgres/production_db_2025-11-02-121935.dump
[2025-11-02 12:19:35] Logical backup completed successfully.
[2025-11-02 12:19:35] Task 1 complete — Logical backup success.
[2025-11-02 12:19:35] Starting physical base backup: /var/backups/postgres/pg_base_backup_2025-11-02-121935.tar.gz
[2025-11-02 12:19:42] Physical base backup successful.
[2025-11-02 12:23:53] === Starting Full Logical Backup for production_db ===
[2025-11-02 12:23:53] Backup file: /var/backups/postgres/production_db_2025-11-02-122353.dump
[2025-11-02 12:23:53] Logical backup completed successfully.
[2025-11-02 12:23:53] Task 1 complete — Logical backup success.
[2025-11-02 12:23:53] Starting physical base backup: /var/backups/postgres/pg_base_backup_2025-11-02-122353.tar.gz
[2025-11-02 12:24:00] Physical base backup successful.
[2025-11-02 13:09:41] === Starting Full Logical Backup for production_db ===
[2025-11-02 13:09:41] Backup file: /var/backups/postgres/production_db_2025-11-02-130941.dump
[2025-11-02 13:09:42] Logical backup completed successfully.
[2025-11-02 13:09:42] Task 1 complete — Logical backup success.
[2025-11-02 13:09:42] Starting physical base backup: /var/backups/postgres/pg_base_backup_2025-11-02-130941.tar.gz
[2025-11-02 13:09:50] Physical base backup successful.
[2025-11-02 13:09:53] Email notification sent to velasco.albert2030@gmail.com
[2025-11-02 13:09:53] Uploading backups to Google Drive...
[2025-11-02 13:10:02] Upload completed successfully.
[2025-11-02 13:13:24] === Starting Full Logical Backup for product_db ===
[2025-11-02 13:13:24] Backup file: /var/backups/postgres/product_db_2025-11-02-131324.dump
pg_dump: error: connection to server at "localhost" (127.0.0.1), port 5432 failed: FATAL:  database "product_db" does not exist
[2025-11-02 13:13:29] ERROR: Logical backup failed for product_db!
[2025-11-02 13:13:29] Task 1 failed — Check /var/log/pg_backup.log for details.
[2025-11-02 13:13:29] Starting physical base backup: /var/backups/postgres/pg_base_backup_2025-11-02-131324.tar.gz
[2025-11-02 13:13:38] Physical base backup successful.
[2025-11-02 13:13:42] Email notification sent to velasco.albert2030@gmail.com
[2025-11-02 13:13:42] Uploading backups to Google Drive...
[2025-11-02 13:13:46] Upload completed successfully.
[2025-11-02 13:15:57] === Starting Full Logical Backup for production_db ===
[2025-11-02 13:15:57] Backup file: /var/backups/postgres/production_db_2025-11-02-131557.dump
[2025-11-02 13:15:57] Logical backup completed successfully.
[2025-11-02 13:15:57] Task 1 complete — Logical backup success.
[2025-11-02 13:15:57] Starting physical base backup: /var/backups/postgres/pg_base_backup_2025-11-02-131557.tar.gz
[2025-11-02 13:16:05] Physical base backup successful.
[2025-11-02 13:21:35] === Starting Full Logical Backup for production_db ===
[2025-11-02 13:21:35] Backup file: /var/backups/postgres/production_db_2025-11-02-132135.dump
pg_dump: error: connection to server at "localhost" (127.0.0.1), port 5432 failed: FATAL:  database "production_db" does not exist
[2025-11-02 13:21:36] ERROR: Logical backup failed for production_db!
[2025-11-02 13:21:36] Task 1 failed — Check /var/log/pg_backup.log for details.
[2025-11-02 13:21:36] Starting physical base backup: /var/backups/postgres/pg_base_backup_2025-11-02-132135.tar.gz
[2025-11-02 13:21:47] Physical base backup successful.
[2025-11-02 13:21:50] Email notification sent to velasco.albert2030@gmail.com
[2025-11-02 13:21:50] Uploading backups to Google Drive...
[2025-11-02 13:21:55] Upload completed successfully.
[2025-11-02 13:27:36] === Starting Full Logical Backup for production_db ===
[2025-11-02 13:27:36] Backup file: /var/backups/postgres/production_db_2025-11-02-132736.dump
pg_dump: error: could not open output file "/var/backups/postgres/production_db_2025-11-02-132736.dump": Permission denied
[2025-11-02 13:27:37] ERROR: Logical backup failed for production_db!
[2025-11-02 13:27:37] Task 1 failed — Check /var/log/pg_backup.log for details.
[2025-11-02 13:27:37] Starting physical base backup: /var/backups/postgres/pg_base_backup_2025-11-02-132736.tar.gz
[2025-11-02 13:27:46] Physical base backup successful.
[2025-11-02 13:30:23] === Starting Full Logical Backup for production_db ===
[2025-11-02 13:30:23] Backup file: /var/backups/postgres/production_db_2025-11-02-133023.dump
pg_dump: error: could not open output file "/var/backups/postgres/production_db_2025-11-02-133023.dump": Permission denied
[2025-11-02 13:30:23] ERROR: Logical backup failed for production_db!
[2025-11-02 13:30:23] Task 1 failed — Check /var/log/pg_backup.log for details.
[2025-11-02 13:30:23] Starting physical base backup: /var/backups/postgres/pg_base_backup_2025-11-02-133023.tar.gz
[2025-11-02 13:30:44] Physical base backup successful.
[2025-11-02 13:30:48] Email notification sent to velasco.albert2030@gmail.com
[2025-11-02 13:30:48] Uploading backups to Google Drive...
[2025-11-02 13:30:50] ERROR: Upload to Google Drive failed!
[2025-11-02 13:34:45] === Starting Full Logical Backup for production_db ===
[2025-11-02 13:34:45] Backup file: /var/backups/postgres/production_db_2025-11-02-133445.dump
pg_dump: error: connection to server at "localhost" (127.0.0.1), port 5432 failed: FATAL:  database "production_db" does not exist
[2025-11-02 13:34:46] ERROR: Logical backup failed for production_db!
[2025-11-02 13:34:46] Task 1 failed — Check /var/log/pg_backup.log for details.
[2025-11-02 13:34:46] Starting physical base backup: /var/backups/postgres/pg_base_backup_2025-11-02-133445.tar.gz
[2025-11-02 13:34:54] Physical base backup successful.
[2025-11-02 13:34:57] Email notification sent to velasco.albert2030@gmail.com
[2025-11-02 13:34:57] Uploading backups to Google Drive...
[2025-11-02 13:35:05] Upload completed successfully.
[2025-11-02 13:51:55] === Starting Full Logical Backup for production_db ===
[2025-11-02 13:51:55] Backup file: /var/backups/postgres/production_db_2025-11-02-135155.dump
[2025-11-02 13:51:56] Logical backup completed successfully.
[2025-11-02 13:51:56] Task 1 complete — Logical backup success.
[2025-11-02 13:51:56] Starting physical base backup: /var/backups/postgres/pg_base_backup_2025-11-02-135155.tar.gz
[2025-11-02 13:52:10] Physical base backup successful.
[2025-11-02 19:42:59] === Starting Full Logical Backup for production_db ===
[2025-11-02 19:42:59] Backup file: /var/backups/postgres/production_db_2025-11-02-194259.dump
[2025-11-02 19:43:04] Logical backup completed successfully.
[2025-11-02 19:43:04] Task 1 complete — Logical backup success.
[2025-11-02 19:43:04] Starting physical base backup: /var/backups/postgres/pg_base_backup_2025-11-02-194259.tar.gz
[2025-11-02 19:43:12] Physical base backup successful.
[2025-11-02 19:43:15] Email notification sent to velasco.albert2030@gmail.com
[2025-11-02 19:43:16] Uploading backups to Google Drive...
2025/11/02 19:43:19 INFO  : production_db_2025-11-02-135155.dump: Copied (new)
2025/11/02 19:43:19 INFO  : production_db_2025-11-02-194259.dump: Copied (new)
2025/11/02 19:43:20 INFO  : pg_base_backup_2025-11-02-194259.tar.gz: Copied (new)
2025/11/02 19:43:21 INFO  : test_backup.dump: Copied (new)
2025/11/02 19:43:22 INFO  : pg_base_backup_2025-11-02-135155.tar.gz: Copied (new)
2025/11/02 19:43:22 INFO  : 
Transferred:   	    7.558 MiB / 7.558 MiB, 100%, 1.878 MiB/s, ETA 0s
Checks:                29 / 29, 100%
Transferred:            5 / 5, 100%
Elapsed time:         6.3s

[2025-11-02 19:43:22] Upload completed successfully.
[2025-11-02 19:43:26] Cleaning up old backups older than 7 days...
[2025-11-02 19:43:26] Old backup files deleted.
